<?xml version="1.0" encoding="UTF-8"?>
<testng-results ignored="0" total="1" passed="1" failed="0" skipped="0">
  <reporter-output>
  </reporter-output>
  <suite started-at="2024-07-23T13:14:25 IST" name="Default suite" finished-at="2024-07-23T13:14:26 IST" duration-ms="174">
    <groups>
    </groups>
    <test started-at="2024-07-23T13:14:25 IST" name="Default test" finished-at="2024-07-23T13:14:26 IST" duration-ms="174">
      <class name="TestNG.Testngbasics">
        <test-method is-config="true" signature="Appstart()[pri:0, instance:TestNG.Testngbasics@35e2d654]" started-at="2024-07-23T13:14:25 IST" name="Appstart" finished-at="2024-07-23T13:14:25 IST" duration-ms="24" status="PASS">
          <reporter-output>
          </reporter-output>
        </test-method> <!-- Appstart -->
        <test-method is-config="true" signature="url()[pri:0, instance:TestNG.Testngbasics@35e2d654]" started-at="2024-07-23T13:14:25 IST" name="url" finished-at="2024-07-23T13:14:25 IST" duration-ms="1" status="PASS">
          <reporter-output>
          </reporter-output>
        </test-method> <!-- url -->
        <test-method is-config="true" signature="browserlaunch()[pri:0, instance:TestNG.Testngbasics@35e2d654]" started-at="2024-07-23T13:14:26 IST" name="browserlaunch" finished-at="2024-07-23T13:14:26 IST" duration-ms="1" status="PASS">
          <reporter-output>
          </reporter-output>
        </test-method> <!-- browserlaunch -->
        <test-method is-config="true" signature="login()[pri:0, instance:TestNG.Testngbasics@35e2d654]" started-at="2024-07-23T13:14:26 IST" name="login" finished-at="2024-07-23T13:14:26 IST" duration-ms="1" status="PASS">
          <reporter-output>
          </reporter-output>
        </test-method> <!-- login -->
        <test-method signature="testtitle()[pri:0, instance:TestNG.Testngbasics@35e2d654]" started-at="2024-07-23T13:14:26 IST" name="testtitle" finished-at="2024-07-23T13:14:26 IST" duration-ms="28" status="PASS">
          <reporter-output>
          </reporter-output>
        </test-method> <!-- testtitle -->
        <test-method is-config="true" signature="logout()[pri:0, instance:TestNG.Testngbasics@35e2d654]" started-at="2024-07-23T13:14:26 IST" name="logout" finished-at="2024-07-23T13:14:26 IST" duration-ms="6" status="PASS">
          <reporter-output>
          </reporter-output>
        </test-method> <!-- logout -->
        <test-method is-config="true" signature="quit()[pri:0, instance:TestNG.Testngbasics@35e2d654]" started-at="2024-07-23T13:14:26 IST" name="quit" finished-at="2024-07-23T13:14:26 IST" duration-ms="2" status="PASS">
          <reporter-output>
          </reporter-output>
        </test-method> <!-- quit -->
        <test-method is-config="true" signature="deletecookies()[pri:0, instance:TestNG.Testngbasics@35e2d654]" started-at="2024-07-23T13:14:26 IST" name="deletecookies" finished-at="2024-07-23T13:14:26 IST" duration-ms="1" status="PASS">
          <reporter-output>
          </reporter-output>
        </test-method> <!-- deletecookies -->
        <test-method is-config="true" signature="AppEnd()[pri:0, instance:TestNG.Testngbasics@35e2d654]" started-at="2024-07-23T13:14:26 IST" name="AppEnd" finished-at="2024-07-23T13:14:26 IST" duration-ms="1" status="PASS">
          <reporter-output>
          </reporter-output>
        </test-method> <!-- AppEnd -->
      </class> <!-- TestNG.Testngbasics -->
    </test> <!-- Default test -->
  </suite> <!-- Default suite -->
</testng-results>
